<?xml version="1.0" encoding="UTF-8" standalone="yes"?><!DOCTYPE report PUBLIC "-//JACOCO//DTD Report 1.1//EN" "report.dtd"><report name="testing-project"><sessioninfo id="Alex-PC-f63fd659" start="1680455149120" dump="1680455150081"/><package name="ro/unibuc/fmi/testingproject"><class name="ro/unibuc/fmi/testingproject/ZumaGame" sourcefilename="ZumaGame.java"><method name="&lt;init&gt;" desc="()V" line="10"><counter type="INSTRUCTION" missed="0" covered="3"/><counter type="LINE" missed="0" covered="1"/><counter type="COMPLEXITY" missed="0" covered="1"/><counter type="METHOD" missed="0" covered="1"/></method><method name="findMinimumOfSteps" desc="(Ljava/lang/String;Ljava/lang/String;)I" line="17"><counter type="INSTRUCTION" missed="0" covered="203"/><counter type="BRANCH" missed="0" covered="26"/><counter type="LINE" missed="0" covered="30"/><counter type="COMPLEXITY" missed="0" covered="14"/><counter type="METHOD" missed="0" covered="1"/></method><method name="inputsAreInvalid" desc="(Ljava/lang/String;Ljava/lang/String;)Z" line="89"><counter type="INSTRUCTION" missed="0" covered="28"/><counter type="BRANCH" missed="0" covered="12"/><counter type="LINE" missed="0" covered="1"/><counter type="COMPLEXITY" missed="0" covered="7"/><counter type="METHOD" missed="0" covered="1"/></method><method name="colorsAreInvalid" desc="(Ljava/lang/String;)Z" line="93"><counter type="INSTRUCTION" missed="0" covered="8"/><counter type="BRANCH" missed="0" covered="2"/><counter type="LINE" missed="0" covered="1"/><counter type="COMPLEXITY" missed="0" covered="2"/><counter type="METHOD" missed="0" covered="1"/></method><method name="removeCharFromHand" desc="(Ljava/lang/String;C)Ljava/lang/String;" line="98"><counter type="INSTRUCTION" missed="0" covered="26"/><counter type="BRANCH" missed="1" covered="3"/><counter type="LINE" missed="0" covered="6"/><counter type="COMPLEXITY" missed="1" covered="2"/><counter type="METHOD" missed="0" covered="1"/></method><method name="removeSame" desc="(Ljava/lang/String;)Ljava/lang/String;" line="117"><counter type="INSTRUCTION" missed="0" covered="38"/><counter type="BRANCH" missed="0" covered="6"/><counter type="LINE" missed="0" covered="8"/><counter type="COMPLEXITY" missed="0" covered="4"/><counter type="METHOD" missed="0" covered="1"/></method><method name="&lt;clinit&gt;" desc="()V" line="9"><counter type="INSTRUCTION" missed="0" covered="4"/><counter type="LINE" missed="0" covered="1"/><counter type="COMPLEXITY" missed="0" covered="1"/><counter type="METHOD" missed="0" covered="1"/></method><counter type="INSTRUCTION" missed="0" covered="310"/><counter type="BRANCH" missed="1" covered="49"/><counter type="LINE" missed="0" covered="48"/><counter type="COMPLEXITY" missed="1" covered="31"/><counter type="METHOD" missed="0" covered="7"/><counter type="CLASS" missed="0" covered="1"/></class><sourcefile name="ZumaGame.java"><line nr="9" mi="0" ci="4" mb="0" cb="0"/><line nr="10" mi="0" ci="3" mb="0" cb="0"/><line nr="17" mi="0" ci="5" mb="0" cb="2"/><line nr="18" mi="0" ci="5" mb="0" cb="0"/><line nr="19" mi="0" ci="2" mb="0" cb="0"/><line nr="23" mi="0" ci="4" mb="0" cb="0"/><line nr="25" mi="0" ci="17" mb="0" cb="2"/><line nr="26" mi="0" ci="16" mb="0" cb="0"/><line nr="30" mi="0" ci="4" mb="0" cb="0"/><line nr="31" mi="0" ci="4" mb="0" cb="0"/><line nr="32" mi="0" ci="14" mb="0" cb="0"/><line nr="33" mi="0" ci="2" mb="0" cb="0"/><line nr="36" mi="0" ci="3" mb="0" cb="2"/><line nr="39" mi="0" ci="3" mb="0" cb="0"/><line nr="41" mi="0" ci="7" mb="0" cb="2"/><line nr="43" mi="0" ci="4" mb="0" cb="0"/><line nr="44" mi="0" ci="6" mb="0" cb="0"/><line nr="47" mi="0" ci="4" mb="0" cb="2"/><line nr="48" mi="0" ci="2" mb="0" cb="0"/><line nr="51" mi="0" ci="4" mb="0" cb="0"/><line nr="55" mi="0" ci="8" mb="0" cb="2"/><line nr="57" mi="0" ci="17" mb="0" cb="2"/><line nr="60" mi="0" ci="31" mb="0" cb="10"/><line nr="61" mi="0" ci="1" mb="0" cb="0"/><line nr="64" mi="0" ci="10" mb="0" cb="0"/><line nr="66" mi="0" ci="4" mb="0" cb="2"/><line nr="68" mi="0" ci="5" mb="0" cb="0"/><line nr="69" mi="0" ci="4" mb="0" cb="0"/><line nr="70" mi="0" ci="13" mb="0" cb="0"/><line nr="80" mi="0" ci="1" mb="0" cb="0"/><line nr="82" mi="0" ci="1" mb="0" cb="0"/><line nr="84" mi="0" ci="2" mb="0" cb="0"/><line nr="89" mi="0" ci="28" mb="0" cb="12"/><line nr="93" mi="0" ci="8" mb="0" cb="2"/><line nr="98" mi="0" ci="5" mb="0" cb="0"/><line nr="100" mi="0" ci="8" mb="1" cb="1"/><line nr="102" mi="0" ci="5" mb="0" cb="2"/><line nr="104" mi="0" ci="4" mb="0" cb="0"/><line nr="105" mi="0" ci="1" mb="0" cb="0"/><line nr="111" mi="0" ci="3" mb="0" cb="0"/><line nr="117" mi="0" ci="2" mb="0" cb="0"/><line nr="119" mi="0" ci="8" mb="0" cb="2"/><line nr="121" mi="0" ci="7" mb="0" cb="2"/><line nr="122" mi="0" ci="1" mb="0" cb="0"/><line nr="125" mi="0" ci="5" mb="0" cb="2"/><line nr="126" mi="0" ci="11" mb="0" cb="0"/><line nr="128" mi="0" ci="2" mb="0" cb="0"/><line nr="133" mi="0" ci="2" mb="0" cb="0"/><counter type="INSTRUCTION" missed="0" covered="310"/><counter type="BRANCH" missed="1" covered="49"/><counter type="LINE" missed="0" covered="48"/><counter type="COMPLEXITY" missed="1" covered="31"/><counter type="METHOD" missed="0" covered="7"/><counter type="CLASS" missed="0" covered="1"/></sourcefile><counter type="INSTRUCTION" missed="0" covered="310"/><counter type="BRANCH" missed="1" covered="49"/><counter type="LINE" missed="0" covered="48"/><counter type="COMPLEXITY" missed="1" covered="31"/><counter type="METHOD" missed="0" covered="7"/><counter type="CLASS" missed="0" covered="1"/></package><counter type="INSTRUCTION" missed="0" covered="310"/><counter type="BRANCH" missed="1" covered="49"/><counter type="LINE" missed="0" covered="48"/><counter type="COMPLEXITY" missed="1" covered="31"/><counter type="METHOD" missed="0" covered="7"/><counter type="CLASS" missed="0" covered="1"/></report>