<?xml version="1.0" encoding="UTF-8"?>
<testsuite xmlns:xsi="http://www.w3.org/2001/XMLSchema-instance" xsi:noNamespaceSchemaLocation="https://maven.apache.org/surefire/maven-surefire-plugin/xsd/surefire-test-report.xsd" name="ro.unibuc.fmi.testingproject.ZumaGameTest" time="0.326" tests="11" errors="0" skipped="0" failures="0">
  <properties>
[...]
</properties>
  <testcase name="givenValidBoardAndHandWhenFindMinimumOfStepsIsCalledThenReturnBoardCannotBeClearedOutput" classname="ro.unibuc.fmi.testingproject.ZumaGameTest" time="0.131"/>
  <testcase name="givenValidBoardAndHandWhenFindMinimumOfStepsIsCalledThenReturnTheMinimumOfStepsToClearBoard" classname="ro.unibuc.fmi.testingproject.ZumaGameTest" time="0.005"/>
  <testcase name="givenInvalidBoardAndHandWhenFindMinimumOfStepsIsCalledThenReturnOutputForInvalidInputs{String, String}[1]" classname="ro.unibuc.fmi.testingproject.ZumaGameTest" time="0.025"/>
  <testcase name="givenInvalidBoardAndHandWhenFindMinimumOfStepsIsCalledThenReturnOutputForInvalidInputs{String, String}[2]" classname="ro.unibuc.fmi.testingproject.ZumaGameTest" time="0.001"/>
  <testcase name="givenInvalidBoardAndHandWhenFindMinimumOfStepsIsCalledThenReturnOutputForInvalidInputs{String, String}[3]" classname="ro.unibuc.fmi.testingproject.ZumaGameTest" time="0.001"/>
  <testcase name="givenInvalidBoardAndHandWhenFindMinimumOfStepsIsCalledThenReturnOutputForInvalidInputs{String, String}[4]" classname="ro.unibuc.fmi.testingproject.ZumaGameTest" time="0.001"/>
  <testcase name="givenInvalidBoardAndHandWhenFindMinimumOfStepsIsCalledThenReturnOutputForInvalidInputs{String, String}[5]" classname="ro.unibuc.fmi.testingproject.ZumaGameTest" time="0"/>
  <testcase name="givenInvalidBoardAndHandWhenFindMinimumOfStepsIsCalledThenReturnOutputForInvalidInputs{String, String}[6]" classname="ro.unibuc.fmi.testingproject.ZumaGameTest" time="0.001"/>
  <testcase name="givenInvalidBoardAndHandWhenFindMinimumOfStepsIsCalledThenReturnOutputForInvalidInputs{String, String}[7]" classname="ro.unibuc.fmi.testingproject.ZumaGameTest" time="0.001"/>
  <testcase name="givenInvalidBoardAndHandWhenFindMinimumOfStepsIsCalledThenReturnOutputForInvalidInputs{String, String}[8]" classname="ro.unibuc.fmi.testingproject.ZumaGameTest" time="0"/>
  <testcase name="givenInvalidBoardAndHandWhenFindMinimumOfStepsIsCalledThenReturnOutputForInvalidInputs{String, String}[9]" classname="ro.unibuc.fmi.testingproject.ZumaGameTest" time="0.001"/>
</testsuite>